2021-04-18 16:07:41 - Sync for product 1
2021-04-18 16:08:29 - Sync for product 1
2021-04-18 16:09:14 - Sync for product 2
2021-04-18 16:09:59 - Sync for product 3
2021-04-18 16:10:39 - Sync for product 4
2021-04-18 16:10:54 - Sync for product 2
2021-04-19 10:02:48 - Sync for product 3
2021-04-19 10:02:55 - Sync for product 4
2021-04-19 10:03:22 - Sync for product 7
2021-04-19 10:43:42 - Sync for product 1
2021-04-19 11:01:49 - Sync for product 3
2021-04-19 11:04:05 - Sync for product 1
<<<<<<< Updated upstream
2021-05-12 21:47:22 - Sync for product 4
2021-05-12 23:56:06 - Sync for product 6
2021-05-12 23:57:01 - Sync for product 6
<<<<<<< Updated upstream
2021-05-13 14:13:28 - Sync for product 6
2021-05-13 14:18:36 - Sync for product 6
2021-05-13 14:22:47 - Sync for product 6
2021-05-13 14:23:00 - Sync for product 6
2021-05-13 14:43:41 - Sync for product 6
2021-05-13 14:44:08 - Sync for product 6
2021-05-13 17:24:05 - Sync for product 1
2021-05-13 20:07:58 - Update products for availability change - 1
<<<<<<< Updated upstream
2021-05-13 21:34:58 - Delete for products - 24
<<<<<<< Updated upstream
2021-05-23 10:30:55 - Sync for product 6
2021-05-23 10:56:57 - Sync for product 6
2021-05-23 11:05:05 - Update products for availability change - 6
2021-05-23 11:05:37 - Sync for product 6
2021-05-23 11:13:37 - Sync for product 6
2021-05-23 11:18:28 - Sync for product 6
2021-05-23 16:12:53 - Sync for product 1
2021-05-23 16:13:02 - Sync for product 1
=======
=======
=======
=======
2021-05-04 14:52:39 - Sync for product 3
2021-05-04 15:14:10 - Sync for product 13
2021-05-04 15:14:43 - Sync for product 13
2021-05-04 15:17:29 - Sync for product 13
2021-05-04 15:17:51 - Sync for product 13
2021-05-04 15:19:23 - Sync for product 13
2021-05-04 15:50:20 - Sync for product 14
2021-05-05 16:48:51 - Sync for product 29
2021-05-05 16:50:15 - Sync for product 29
2021-05-05 16:50:35 - Sync for product 29
2021-05-05 17:02:16 - Sync for product 29
2021-05-05 17:03:35 - Sync for product 29
2021-05-05 17:21:52 - Sync for product 29
2021-05-05 17:22:05 - Sync for product 29
2021-05-05 17:23:07 - Sync for product 29
2021-05-05 17:23:52 - Sync for product 29
2021-05-05 17:25:24 - Sync for product 29
2021-05-05 17:27:37 - Sync for product 29
2021-05-05 17:28:13 - Sync for product 29
2021-05-05 17:28:26 - Sync for product 29
2021-05-05 17:28:34 - Sync for product 29
2021-05-05 18:08:44 - Sync for product 13
2021-05-05 18:31:22 - Update products for availability change - 3,15,19
2021-05-06 11:09:17 - Sync for product 25
2021-05-06 11:21:04 - Update products for availability change - 25
2021-05-06 11:24:16 - Sync for product 3
2021-05-06 11:30:42 - Sync for product 13
2021-05-06 16:42:49 - Sync for product 4
2021-05-06 16:50:09 - Sync for product 29
2021-05-06 16:52:39 - Sync for product 4
2021-05-06 16:53:24 - Sync for product 25
2021-05-06 16:54:18 - Sync for product 25
2021-05-12 10:45:14 - Sync for product 14
2021-05-12 11:02:28 - Sync for product 7
2021-05-12 11:05:42 - Sync for product 7
2021-05-12 11:06:05 - Sync for product 7
2021-05-12 11:07:57 - Sync for product 7
>>>>>>> Stashed changes
>>>>>>> Stashed changes
>>>>>>> Stashed changes
2021-05-14 10:43:21 - Sync for product 14
2021-05-23 11:10:37 - Sync for product 4
>>>>>>> Stashed changes
2021-05-24 10:57:19 - Sync for product 120
2021-05-24 10:57:38 - Sync for product 30
2021-05-24 10:57:39 - Sync for product 30
2021-05-24 10:57:50 - Sync for product 163
2021-05-24 11:01:44 - Sync for product 112
2021-05-24 11:01:54 - Sync for product 141
2021-05-24 11:02:03 - Sync for product 173
2021-05-24 11:02:40 - Sync for product 31
2021-05-24 11:02:51 - Sync for product 165
2021-05-24 11:03:03 - Sync for product 174
2021-05-24 11:03:17 - Sync for product 169
2021-05-24 11:03:28 - Sync for product 181
2021-05-24 11:03:38 - Sync for product 156
2021-05-24 11:04:00 - Sync for product 32
2021-05-24 11:04:09 - Sync for product 192
2021-05-24 11:04:17 - Sync for product 103
2021-05-24 11:04:29 - Sync for product 33
2021-05-24 11:05:05 - Sync for product 104
2021-05-24 11:05:16 - Sync for product 92
2021-05-24 11:07:45 - Sync for product 34
2021-05-24 11:08:07 - Sync for product 35
2021-05-24 11:08:25 - Sync for product 36
2021-05-24 11:08:36 - Sync for product 93
2021-05-24 11:08:47 - Sync for product 197
2021-05-24 11:09:13 - Sync for product 113
2021-05-24 11:09:21 - Sync for product 123
2021-05-24 11:09:32 - Sync for product 143
2021-05-24 11:09:51 - Sync for product 75
2021-05-24 11:10:07 - Sync for product 133
2021-05-24 11:10:32 - Sync for product 110
2021-05-24 11:11:20 - Sync for product 190
2021-05-24 11:11:39 - Sync for product 25
2021-05-24 11:12:21 - Sync for product 28
2021-05-24 11:12:39 - Sync for product 27
2021-05-24 11:12:51 - Sync for product 26
2021-05-24 11:13:01 - Sync for product 12
2021-05-24 11:13:11 - Sync for product 11
2021-05-24 11:13:21 - Sync for product 6
2021-05-24 11:13:41 - Sync for product 1
2021-05-24 11:13:51 - Sync for product 24
2021-05-24 11:13:59 - Sync for product 23
2021-05-24 11:14:24 - Sync for product 2
2021-05-24 11:14:36 - Sync for product 5
2021-05-24 11:14:52 - Sync for product 74
2021-05-24 11:15:04 - Sync for product 9
2021-05-24 11:15:16 - Sync for product 10
2021-05-24 11:15:25 - Sync for product 21
2021-05-24 11:15:35 - Sync for product 22
2021-05-24 11:15:45 - Sync for product 73
2021-05-24 11:15:58 - Sync for product 198
2021-05-24 11:16:12 - Sync for product 72
2021-05-24 11:16:23 - Sync for product 71
2021-05-24 11:16:35 - Sync for product 160
2021-05-24 11:16:45 - Sync for product 70
2021-05-24 11:16:56 - Sync for product 69
2021-05-24 11:17:32 - Sync for product 94
2021-05-24 11:17:49 - Sync for product 150
2021-05-24 11:18:01 - Sync for product 105
2021-05-24 11:18:12 - Sync for product 167
2021-05-24 11:18:22 - Sync for product 166
2021-05-24 11:18:36 - Sync for product 68
2021-05-24 11:19:24 - Sync for product 129
2021-05-24 11:19:39 - Sync for product 175
2021-05-24 11:19:56 - Sync for product 149
2021-05-24 11:20:16 - Sync for product 126
2021-05-24 11:20:26 - Sync for product 171
2021-05-24 11:20:37 - Sync for product 101
2021-05-24 11:21:19 - Sync for product 37
2021-05-24 11:21:30 - Sync for product 111
2021-05-24 11:21:40 - Sync for product 100
2021-05-24 11:21:51 - Sync for product 188
2021-05-25 7:20:08 - Sync for product 91
2021-05-25 7:20:19 - Sync for product 1
2021-05-25 7:20:27 - Sync for product 134
2021-05-25 7:20:35 - Sync for product 83
2021-05-25 7:20:44 - Sync for product 112
2021-05-25 7:20:55 - Sync for product 144
2021-05-25 7:21:08 - Sync for product 2
2021-05-25 7:21:15 - Sync for product 2
2021-05-25 7:21:27 - Sync for product 136
2021-05-25 7:21:37 - Sync for product 145
2021-05-25 7:21:46 - Sync for product 140
2021-05-25 7:21:57 - Sync for product 152
2021-05-25 7:22:09 - Sync for product 127
2021-05-25 7:22:21 - Sync for product 3
2021-05-25 7:23:07 - Sync for product 163
2021-05-25 7:23:23 - Sync for product 74
2021-05-25 7:23:35 - Sync for product 4
2021-05-25 7:23:45 - Sync for product 75
2021-05-25 7:24:00 - Sync for product 63
2021-05-25 7:24:12 - Sync for product 5
2021-05-25 7:24:25 - Sync for product 6
2021-05-25 7:24:36 - Sync for product 7
2021-05-25 7:24:46 - Sync for product 64
2021-05-25 7:24:55 - Sync for product 168
2021-05-25 7:25:03 - Sync for product 120
2021-05-25 7:25:12 - Sync for product 97
2021-05-25 7:25:21 - Sync for product 142
2021-05-25 7:25:30 - Sync for product 72
2021-05-25 7:25:42 - Sync for product 8
2021-05-25 7:25:54 - Sync for product 82
2021-05-25 7:26:09 - Sync for product 71
2021-05-25 7:26:23 - Sync for product 159
2021-05-25 7:26:34 - Sync for product 115
2021-05-25 7:27:13 - Sync for product 128
2021-05-25 7:27:24 - Sync for product 107
2021-05-25 7:27:35 - Sync for product 150
2021-05-25 7:27:48 - Sync for product 102
2021-05-25 7:27:58 - Sync for product 56
2021-05-25 7:28:11 - Sync for product 77
2021-05-25 7:28:25 - Sync for product 155
2021-05-25 7:28:36 - Sync for product 110
2021-05-25 7:28:56 - Sync for product 84
2021-05-25 7:29:04 - Sync for product 94
2021-05-25 7:29:12 - Sync for product 114
2021-05-25 7:29:23 - Sync for product 46
2021-05-25 7:29:33 - Sync for product 104
2021-05-25 7:29:44 - Sync for product 81
2021-05-25 7:29:57 - Sync for product 161
2021-05-25 7:30:12 - Sync for product 45
2021-05-25 7:30:24 - Sync for product 44
2021-05-25 7:31:21 - Sync for product 169
2021-05-25 7:31:22 - Sync for product 169
2021-05-25 7:31:32 - Sync for product 43
2021-05-25 7:31:43 - Sync for product 42
2021-05-25 7:31:56 - Sync for product 131
2021-05-25 7:32:07 - Sync for product 41
2021-05-25 7:32:17 - Sync for product 40
2021-05-25 7:32:28 - Sync for product 65
2021-05-25 7:32:39 - Sync for product 121
2021-05-25 7:32:54 - Sync for product 76
2021-05-25 7:33:05 - Sync for product 138
2021-05-25 7:33:14 - Sync for product 137
2021-05-25 7:33:25 - Sync for product 39
2021-05-25 7:33:37 - Sync for product 100
2021-05-25 7:33:48 - Sync for product 146
2021-05-25 7:33:59 - Sync for product 116
2021-05-25 7:34:13 - Sync for product 38
2021-05-25 7:34:27 - Sync for product 111
2021-05-25 7:34:40 - Sync for product 37
2021-05-25 7:34:51 - Sync for product 36
2021-05-25 7:35:01 - Sync for product 85
2021-05-25 7:35:21 - Sync for product 135
2021-05-25 7:35:33 - Sync for product 62
2021-05-25 7:35:41 - Sync for product 61
2021-05-25 7:35:53 - Sync for product 60
2021-05-25 7:36:03 - Sync for product 59
2021-05-25 7:36:26 - Sync for product 58
2021-05-25 7:36:37 - Sync for product 57
2021-05-25 7:36:48 - Sync for product 55
2021-05-25 7:36:59 - Sync for product 54
2021-05-25 7:37:11 - Sync for product 53
2021-05-25 7:37:26 - Sync for product 52
2021-05-25 7:38:05 - Sync for product 9
2021-05-25 7:38:23 - Sync for product 93
2021-05-25 7:38:35 - Sync for product 78
2021-05-25 7:38:49 - Sync for product 10
2021-05-25 7:39:03 - Sync for product 11
2021-05-25 7:39:19 - Sync for product 80
2021-05-25 7:39:32 - Sync for product 156
2021-05-25 7:39:44 - Sync for product 126
2021-05-25 7:39:56 - Sync for product 12
2021-05-25 7:40:08 - Sync for product 157
2021-05-25 7:40:34 - Sync for product 13
2021-05-25 7:40:49 - Sync for product 130
2021-05-25 7:41:00 - Sync for product 70
2021-05-25 7:41:11 - Sync for product 90
2021-05-25 7:41:21 - Sync for product 14
2021-05-25 7:41:35 - Sync for product 98
2021-05-25 7:41:47 - Sync for product 125
2021-05-25 7:42:10 - Sync for product 15
2021-05-25 7:42:23 - Sync for product 16
2021-05-25 7:42:36 - Sync for product 17
2021-05-25 7:42:48 - Sync for product 79
2021-05-25 7:42:59 - Sync for product 18
2021-05-25 7:43:16 - Sync for product 19
2021-05-25 7:43:28 - Sync for product 139
2021-05-25 7:43:40 - Sync for product 158
2021-05-25 7:44:08 - Sync for product 99
2021-05-25 7:44:23 - Sync for product 143
2021-05-25 7:44:32 - Sync for product 101
2021-05-25 7:44:44 - Sync for product 20
2021-05-25 7:44:56 - Sync for product 69
2021-05-25 7:45:08 - Sync for product 123
2021-05-25 7:45:18 - Sync for product 122
2021-05-25 7:45:29 - Sync for product 68
2021-05-25 7:45:56 - Sync for product 154
2021-05-25 7:46:09 - Sync for product 92
2021-05-25 7:46:22 - Sync for product 21
2021-05-25 7:46:36 - Sync for product 22
2021-05-25 7:46:50 - Sync for product 23
2021-05-25 7:47:01 - Sync for product 117
2021-05-25 7:47:16 - Sync for product 148
2021-05-25 7:47:27 - Sync for product 24
2021-05-25 7:47:39 - Sync for product 95
2021-05-25 7:47:49 - Sync for product 87
2021-05-25 7:48:00 - Sync for product 149
2021-05-25 7:48:10 - Sync for product 108
2021-05-25 7:48:20 - Sync for product 119
2021-05-25 7:48:30 - Sync for product 25
2021-05-25 7:48:40 - Sync for product 109
2021-05-25 7:48:49 - Sync for product 26
2021-05-25 7:49:04 - Sync for product 27
2021-05-25 7:49:14 - Sync for product 132
2021-05-25 7:49:23 - Sync for product 28
2021-05-25 7:50:07 - Sync for product 151
2021-05-25 7:50:19 - Sync for product 147
2021-05-25 7:50:38 - Sync for product 113
2021-05-25 7:50:48 - Sync for product 164
2021-05-25 7:50:58 - Sync for product 165
2021-05-25 7:51:08 - Sync for product 166
2021-05-25 7:51:19 - Sync for product 29
2021-05-25 7:51:29 - Sync for product 30
2021-05-25 7:51:42 - Sync for product 133
2021-05-25 7:51:52 - Sync for product 31
2021-05-25 7:52:05 - Sync for product 32
2021-05-25 7:52:19 - Sync for product 33
2021-05-25 7:52:30 - Sync for product 88
2021-05-25 7:52:41 - Sync for product 118
2021-05-25 7:52:54 - Sync for product 103
2021-05-25 7:53:08 - Sync for product 96
2021-05-25 7:53:18 - Sync for product 67
2021-05-25 7:53:32 - Sync for product 141
2021-05-25 7:53:41 - Sync for product 162
2021-05-25 7:53:54 - Sync for product 34
2021-05-25 7:54:05 - Sync for product 35
2021-05-25 7:54:16 - Sync for product 129
2021-05-25 7:54:27 - Sync for product 89
2021-05-25 7:54:37 - Sync for product 124
2021-05-25 7:54:50 - Sync for product 66
2021-05-25 7:55:02 - Sync for product 86
2021-05-25 7:55:13 - Sync for product 160
2021-05-25 7:55:24 - Sync for product 49
2021-05-25 7:55:39 - Sync for product 51
2021-05-25 7:55:51 - Sync for product 50
2021-05-25 7:56:00 - Sync for product 48
2021-05-25 7:56:11 - Sync for product 47
2021-05-25 7:56:22 - Sync for product 73
2021-05-25 7:56:35 - Sync for product 153
2021-05-25 7:56:46 - Sync for product 167
2021-05-25 7:56:57 - Sync for product 106
2021-05-25 7:57:07 - Sync for product 105
2021-06-01 0:53:26 - Sync for product 199
2021-06-01 1:29:37 - Sync for product 199
2021-06-14 11:54:08 - Sync for product 91
2021-06-14 12:08:19 - Sync for product 1
2021-06-14 12:12:05 - Sync for product 200
2021-06-14 12:38:54 - Update products for availability change - 199,200
